<?xml version="1.0" encoding="UTF-8"?>
<!-- Generated by org.testng.reporters.JUnitReportReporter -->
<testsuite hostname="DESKTOP-3HVV2AC" failures="0" tests="3" name="com.comcasttest.Contact" time="0.018" errors="0" timestamp="2021-09-21T16:54:27 IST" skipped="0">
  <testcase classname="com.comcasttest.Contact" name="createContactWithOrgTest" time="0.005"/>
  <system-out/>
  <testcase classname="com.comcasttest.Contact" name="createContactTest" time="0.011"/>
  <system-out/>
  <testcase classname="com.comcasttest.Contact" name="deleteContactTest" time="0.002"/>
  <system-out/>
</testsuite> <!-- com.comcasttest.Contact -->
