<?xml version="1.0" encoding="UTF-8"?>
<!-- Generated by org.testng.reporters.JUnitReportReporter -->
<testsuite hostname="DESKTOP-3HVV2AC" failures="0" tests="3" name="com.comcast2.OrganizationTest" time="0.008" errors="0" timestamp="2021-09-22T13:40:41 IST" skipped="0">
  <testcase classname="com.comcast2.OrganizationTest" name="createOrgTest" time="0.003"/>
  <system-out/>
  <testcase classname="com.comcast2.OrganizationTest" name="deleteOrgtTest" time="0.002"/>
  <system-out/>
  <testcase classname="com.comcast2.OrganizationTest" name="createOrgWithContactTest" time="0.003"/>
  <system-out/>
</testsuite> <!-- com.comcast2.OrganizationTest -->
