<?xml version="1.0" encoding="UTF-8"?>
<!-- Generated by org.testng.reporters.JUnitReportReporter -->
<testsuite hostname="DESKTOP-3HVV2AC" failures="0" tests="2" name="com.comcast2.OrganizationTest" time="0.006" errors="0" timestamp="2021-09-22T19:55:38 IST" skipped="0">
  <testcase classname="com.comcast2.OrganizationTest" name="createOrgTest" time="0.002"/>
  <system-out/>
  <testcase classname="com.comcast2.OrganizationTest" name="createOrgWithContactTest" time="0.004"/>
  <system-out/>
</testsuite> <!-- com.comcast2.OrganizationTest -->
