<?xml version="1.0" encoding="UTF-8"?>
<!-- Generated by org.testng.reporters.JUnitReportReporter -->
<testsuite hostname="DESKTOP-3HVV2AC" failures="0" tests="3" name="com.comcasttest.ContactTest" time="0.017" errors="0" timestamp="2021-09-22T13:40:41 IST" skipped="0">
  <testcase classname="com.comcasttest.ContactTest" name="createContactWithOrgTest" time="0.003"/>
  <system-out/>
  <testcase classname="com.comcasttest.ContactTest" name="deleteContactTest" time="0.003"/>
  <system-out/>
  <testcase classname="com.comcasttest.ContactTest" name="createContactTest" time="0.011"/>
  <system-out/>
</testsuite> <!-- com.comcasttest.ContactTest -->
