<?xml version="1.0" encoding="UTF-8"?>
<!-- Generated by org.testng.reporters.JUnitReportReporter -->
<testsuite hostname="DESKTOP-3HVV2AC" failures="0" tests="2" name="com.comcasttest.ContactTest" time="0.014" errors="0" timestamp="2021-09-22T19:55:39 IST" skipped="0">
  <testcase classname="com.comcasttest.ContactTest" name="deleteContactTest" time="0.002"/>
  <system-out/>
  <testcase classname="com.comcasttest.ContactTest" name="createContactWithOrgTest" time="0.012"/>
  <system-out/>
</testsuite> <!-- com.comcasttest.ContactTest -->
