<?xml version="1.0" encoding="UTF-8"?>
<!-- Generated by org.testng.reporters.JUnitReportReporter -->
<testsuite hostname="DESKTOP-3HVV2AC" failures="0" tests="1" name="skillaryAutomation.Addtocart" time="34.206" errors="0" timestamp="2021-09-22T14:27:52 IST" skipped="0">
  <testcase classname="skillaryAutomation.Addtocart" name="tc1" time="34.206"/>
  <system-out>
    <![CDATA[SkillRary Courses]]>
  </system-out>
</testsuite> <!-- skillaryAutomation.Addtocart -->
