<?xml version="1.0" encoding="UTF-8"?>
<!-- Generated by org.testng.reporters.JUnitReportReporter -->
<testsuite hostname="DESKTOP-3HVV2AC" failures="0" tests="1" name="practice.CreateOpportunitiesgettextTest" time="10.955" errors="0" timestamp="2021-09-17T14:44:17 IST" skipped="0">
  <testcase classname="practice.CreateOpportunitiesgettextTest" name="CreateOpportunitiesWithSalesStageIDTest" time="10.955"/>
  <system-out/>
</testsuite> <!-- practice.CreateOpportunitiesgettextTest -->
