<?xml version="1.0" encoding="UTF-8"?>
<!-- Generated by org.testng.reporters.JUnitReportReporter -->
<testsuite hostname="DESKTOP-3HVV2AC" failures="0" tests="1" name="practice.Dynamic_table2_clickon5" time="13.272" errors="0" timestamp="2021-09-07T19:20:05 IST" skipped="0">
  <testcase classname="practice.Dynamic_table2_clickon5" name="deselect_lastone" time="13.272"/>
  <system-out/>
</testsuite> <!-- practice.Dynamic_table2_clickon5 -->
