<?xml version="1.0" encoding="UTF-8"?>
<!-- Generated by org.testng.reporters.JUnitReportReporter -->
<testsuite hostname="DESKTOP-3HVV2AC" failures="0" tests="1" name="practice.Dynamic_table_deleteData" time="13.626" errors="0" timestamp="2021-09-16T20:04:05 IST" skipped="0">
  <testcase classname="practice.Dynamic_table_deleteData" name="deselect_lastone" time="13.626"/>
  <system-out/>
</testsuite> <!-- practice.Dynamic_table_deleteData -->
