<?xml version="1.0" encoding="UTF-8"?>
<!-- Generated by org.testng.reporters.JUnitReportReporter -->
<testsuite hostname="DESKTOP-3HVV2AC" failures="0" tests="1" name="com.crm.vtiger.contact.test.TC4_CreateLead" time="21.628" errors="0" timestamp="2021-09-09T19:36:23 IST" skipped="0">
  <testcase classname="com.crm.vtiger.contact.test.TC4_CreateLead" name="createLead" time="21.628"/>
  <system-out/>
</testsuite> <!-- com.crm.vtiger.contact.test.TC4_CreateLead -->
