<?xml version="1.0" encoding="UTF-8"?>
<!-- Generated by org.testng.reporters.JUnitReportReporter -->
<testsuite hostname="DESKTOP-3HVV2AC" failures="0" tests="1" name="com.crm.vtiger.contact.test.TC20_CreateOpportunitiesWithSalesStageClosedWonTest2" time="18.588" errors="0" timestamp="2021-09-17T12:30:38 IST" skipped="0">
  <testcase classname="com.crm.vtiger.contact.test.TC20_CreateOpportunitiesWithSalesStageClosedWonTest2" name="CreateOpportunitiesWithSalesStageIDTest" time="18.588"/>
  <system-out/>
</testsuite> <!-- com.crm.vtiger.contact.test.TC20_CreateOpportunitiesWithSalesStageClosedWonTest2 -->
