<?xml version="1.0" encoding="UTF-8"?>
<!-- Generated by org.testng.reporters.JUnitReportReporter -->
<testsuite hostname="DESKTOP-3HVV2AC" failures="0" tests="10" name="com.crm.vtiger.contact.test.TC0000_CreateOrganization" time="193.856" errors="0" timestamp="2021-09-15T19:11:07 IST" skipped="0">
  <testcase classname="com.crm.vtiger.contact.test.TC0000_CreateOrganization" name="CreateOpportunitiesWithSalesStageIDTest" time="21.138"/>
  <system-out/>
  <testcase classname="com.crm.vtiger.contact.test.TC0000_CreateOrganization" name="CreateOpportunitiesWithSalesStageIDTest" time="19.501"/>
  <system-out/>
  <testcase classname="com.crm.vtiger.contact.test.TC0000_CreateOrganization" name="CreateOpportunitiesWithSalesStageIDTest" time="18.387"/>
  <system-out/>
  <testcase classname="com.crm.vtiger.contact.test.TC0000_CreateOrganization" name="CreateOpportunitiesWithSalesStageIDTest" time="21.052"/>
  <system-out/>
  <testcase classname="com.crm.vtiger.contact.test.TC0000_CreateOrganization" name="CreateOpportunitiesWithSalesStageIDTest" time="19.081"/>
  <system-out/>
  <testcase classname="com.crm.vtiger.contact.test.TC0000_CreateOrganization" name="CreateOpportunitiesWithSalesStageIDTest" time="18.422"/>
  <system-out/>
  <testcase classname="com.crm.vtiger.contact.test.TC0000_CreateOrganization" name="CreateOpportunitiesWithSalesStageIDTest" time="19.479"/>
  <system-out/>
  <testcase classname="com.crm.vtiger.contact.test.TC0000_CreateOrganization" name="CreateOpportunitiesWithSalesStageIDTest" time="18.526"/>
  <system-out/>
  <testcase classname="com.crm.vtiger.contact.test.TC0000_CreateOrganization" name="CreateOpportunitiesWithSalesStageIDTest" time="18.781"/>
  <system-out/>
  <testcase classname="com.crm.vtiger.contact.test.TC0000_CreateOrganization" name="CreateOpportunitiesWithSalesStageIDTest" time="19.489"/>
  <system-out/>
</testsuite> <!-- com.crm.vtiger.contact.test.TC0000_CreateOrganization -->
