<?xml version="1.0" encoding="UTF-8"?>
<!-- Generated by org.testng.reporters.JUnitReportReporter -->
<testsuite hostname="DESKTOP-3HVV2AC" failures="0" tests="1" name="practice.ReadFormXML" time="0.015" errors="0" timestamp="2021-09-07T13:54:57 IST" skipped="0">
  <testcase classname="practice.ReadFormXML" name="showData" time="0.015"/>
  <system-out/>
</testsuite> <!-- practice.ReadFormXML -->
